<?xml version="1.0" encoding="UTF-8"?>
<testsuite xmlns:xsi="http://www.w3.org/2001/XMLSchema-instance" xsi:noNamespaceSchemaLocation="https://maven.apache.org/surefire/maven-surefire-plugin/xsd/surefire-test-report.xsd" name="at.jku.se.taskmgmt.TaskTest" time="0.002" tests="26" errors="0" skipped="0" failures="0">
  <properties>
[...]
</properties>
  <testcase name="monthlyRecurringTask" classname="at.jku.se.taskmgmt.TaskTest" time="0"/>
  <testcase name="getWeekday" classname="at.jku.se.taskmgmt.TaskTest" time="0"/>
  <testcase name="getContributorsList" classname="at.jku.se.taskmgmt.TaskTest" time="0"/>
  <testcase name="isRecurrent" classname="at.jku.se.taskmgmt.TaskTest" time="0"/>
  <testcase name="getNumberOfRepetitions" classname="at.jku.se.taskmgmt.TaskTest" time="0"/>
  <testcase name="getTaskDescroption" classname="at.jku.se.taskmgmt.TaskTest" time="0"/>
  <testcase name="getAttachments" classname="at.jku.se.taskmgmt.TaskTest" time="0"/>
  <testcase name="getContributors" classname="at.jku.se.taskmgmt.TaskTest" time="0"/>
  <testcase name="getDueDate" classname="at.jku.se.taskmgmt.TaskTest" time="0"/>
  <testcase name="getCreationDate" classname="at.jku.se.taskmgmt.TaskTest" time="0"/>
  <testcase name="getRepetitionDate" classname="at.jku.se.taskmgmt.TaskTest" time="0"/>
  <testcase name="removeSubtask" classname="at.jku.se.taskmgmt.TaskTest" time="0"/>
  <testcase name="isWeekly" classname="at.jku.se.taskmgmt.TaskTest" time="0"/>
  <testcase name="getDetailedTaskDescription" classname="at.jku.se.taskmgmt.TaskTest" time="0"/>
  <testcase name="getSubtasks" classname="at.jku.se.taskmgmt.TaskTest" time="0"/>
  <testcase name="addSubtask" classname="at.jku.se.taskmgmt.TaskTest" time="0"/>
  <testcase name="getCategoriesList" classname="at.jku.se.taskmgmt.TaskTest" time="0"/>
  <testcase name="getTaskNumber" classname="at.jku.se.taskmgmt.TaskTest" time="0"/>
  <testcase name="isMonthly" classname="at.jku.se.taskmgmt.TaskTest" time="0"/>
  <testcase name="getDoneProperty" classname="at.jku.se.taskmgmt.TaskTest" time="0"/>
  <testcase name="getCategories" classname="at.jku.se.taskmgmt.TaskTest" time="0"/>
  <testcase name="weeklyRecurringTask" classname="at.jku.se.taskmgmt.TaskTest" time="0"/>
  <testcase name="nonRecurringTask" classname="at.jku.se.taskmgmt.TaskTest" time="0"/>
  <testcase name="getMonthday" classname="at.jku.se.taskmgmt.TaskTest" time="0"/>
  <testcase name="getNumberOfTasks" classname="at.jku.se.taskmgmt.TaskTest" time="0"/>
  <testcase name="setDone" classname="at.jku.se.taskmgmt.TaskTest" time="0"/>
</testsuite>